Using pre-set license

 COMMAND LINE ARGUMENTS:
/Applications/Unity/Hub/Editor/2020.3.4f1/Unity.app/Contents/MacOS/Unity
-adb2
-batchMode
-noUpm
-name
AssetImportWorker0
-projectPath
/Users/philippark/Documents/HumanTree
-logFile
Logs/AssetImportWorker0.log
-srvPort
58026
Successfully changed project path to: /Users/philippark/Documents/HumanTree
/Users/philippark/Documents/HumanTree
Using Asset Import Pipeline V2.
Refreshing native plugins compatible for Editor in 43.07 ms, found 2 plugins.
Preloading 1 native plugins for Editor in 11.04 ms.
Initialize engine version: 2020.3.4f1 (0abb6314276a)
[Subsystems] Discovering subsystems at path /Applications/Unity/Hub/Editor/2020.3.4f1/Unity.app/Contents/Resources/UnitySubsystems
[Subsystems] Discovering subsystems at path /Users/philippark/Documents/HumanTree/Assets
GfxDevice: creating device client; threaded=0
2021-05-28 14:04:06.038 Unity[39421:1396226] Color LCD preferred device: Intel(R) Iris(TM) Plus Graphics 640 (low power)
2021-05-28 14:04:06.038 Unity[39421:1396226] Metal devices available: 1
2021-05-28 14:04:06.038 Unity[39421:1396226] 0: Intel(R) Iris(TM) Plus Graphics 640 (low power)
2021-05-28 14:04:06.039 Unity[39421:1396226] Using device Intel(R) Iris(TM) Plus Graphics 640 (low power)
Initializing Metal device caps: Intel(R) Iris(TM) Plus Graphics 640
Initialize mono
Mono path[0] = '/Applications/Unity/Hub/Editor/2020.3.4f1/Unity.app/Contents/Managed'
Mono path[1] = '/Applications/Unity/Hub/Editor/2020.3.4f1/Unity.app/Contents/MonoBleedingEdge/lib/mono/unityjit'
Mono config path = '/Applications/Unity/Hub/Editor/2020.3.4f1/Unity.app/Contents/MonoBleedingEdge/etc'
Using monoOptions --debugger-agent=transport=dt_socket,embedding=1,server=y,suspend=n,address=127.0.0.1:56421
Begin MonoManager ReloadAssembly
Registering precompiled unity dll's ...
Register platform support module: /Applications/Unity/Hub/Editor/2020.3.4f1/PlaybackEngines/WebGLSupport/UnityEditor.WebGL.Extensions.dll
Register platform support module: /Applications/Unity/Hub/Editor/2020.3.4f1/Unity.app/Contents/PlaybackEngines/MacStandaloneSupport/UnityEditor.OSXStandalone.Extensions.dll
Register platform support module: /Applications/Unity/Hub/Editor/2020.3.4f1/PlaybackEngines/WindowsStandaloneSupport/UnityEditor.WindowsStandalone.Extensions.dll
Registered in 0.001354 seconds.
Native extension for WindowsStandalone target not found
Native extension for OSXStandalone target not found
Native extension for WebGL target not found
Refreshing native plugins compatible for Editor in 34.59 ms, found 2 plugins.
Preloading 1 native plugins for Editor in 0.61 ms.
Mono: successfully reloaded assembly
- Completed reload, in  2.441 seconds
Platform modules already initialized, skipping
Registering precompiled user dll's ...
Registered in 0.001305 seconds.
Begin MonoManager ReloadAssembly
Native extension for WindowsStandalone target not found
Native extension for OSXStandalone target not found
Native extension for WebGL target not found
Refreshing native plugins compatible for Editor in 35.01 ms, found 2 plugins.
Preloading 1 native plugins for Editor in 0.94 ms.
Mono: successfully reloaded assembly
- Completed reload, in  1.202 seconds
Platform modules already initialized, skipping
========================================================================
Worker process is ready to serve import requests
Launching external process: /Applications/Unity/Hub/Editor/2020.3.4f1/Unity.app/Contents/Tools/UnityShaderCompiler
Launched and connected shader compiler UnityShaderCompiler after 0.01 seconds
Refreshing native plugins compatible for Editor in 0.51 ms, found 2 plugins.
Preloading 1 native plugins for Editor in 0.64 ms.
Unloading 1997 Unused Serialized files (Serialized files now loaded: 0)
System memory in use before: 153.5 MB.
System memory in use after: 152.6 MB.

Unloading 29 unused Assets to reduce memory usage. Loaded Objects now: 2422.
Total: 3.607394 ms (FindLiveObjects: 0.421173 ms CreateObjectMapping: 0.150687 ms MarkObjects: 1.888962 ms  DeleteObjects: 1.145388 ms)

========================================================================
Received Import Request.
  path: Assets/BodyChildLinker.cs
  artifactKey: Guid(301fa024c758a4cd1bdde7980fbc7028) Importer(815301076,1909f56bfc062723c751e8b465ee728b)
Start importing Assets/BodyChildLinker.cs using Guid(301fa024c758a4cd1bdde7980fbc7028) Importer(815301076,1909f56bfc062723c751e8b465ee728b)  -> (artifact id: '74b0e71f26e7683bdc1e495989809919') in 0.696698 seconds
  Import took 0.701500 seconds .

========================================================================
Received Import Request.
  Time since last request: 0.000258 seconds.
  path: Assets/ControlledRobot.prefab
  artifactKey: Guid(a71fc9c65ff0e4740a27a7ca88a6902b) Importer(815301076,1909f56bfc062723c751e8b465ee728b)
Start importing Assets/ControlledRobot.prefab using Guid(a71fc9c65ff0e4740a27a7ca88a6902b) Importer(815301076,1909f56bfc062723c751e8b465ee728b)  -> (artifact id: 'f53cd4a281630f3c8e9d94f20afa320e') in 1.534063 seconds
  Import took 1.538465 seconds .

========================================================================
Received Prepare
Registering precompiled user dll's ...
Registered in 0.002054 seconds.
Begin MonoManager ReloadAssembly
Native extension for WindowsStandalone target not found
Native extension for OSXStandalone target not found
Native extension for WebGL target not found
Refreshing native plugins compatible for Editor in 0.54 ms, found 2 plugins.
Preloading 1 native plugins for Editor in 0.60 ms.
Mono: successfully reloaded assembly
- Completed reload, in  1.124 seconds
Platform modules already initialized, skipping
Switching build target platform(2) subTarget(0) extendedPlatform(0) -> platform(9) subTarget(16777218) extendedPlatform(0)
Refreshing native plugins compatible for Editor in 0.50 ms, found 2 plugins.
Preloading 1 native plugins for Editor in 0.58 ms.
Unloading 1960 Unused Serialized files (Serialized files now loaded: 0)
System memory in use before: 165.7 MB.
System memory in use after: 164.8 MB.

Unloading 25 unused Assets to reduce memory usage. Loaded Objects now: 2469.
Total: 3.637808 ms (FindLiveObjects: 0.288770 ms CreateObjectMapping: 0.118270 ms MarkObjects: 2.106368 ms  DeleteObjects: 1.122681 ms)

AssetImportParameters requested are different than current active one (requested -> active):
  custom:graphics/normal-map-encoding: 01000000000000000000000000000000 -> 02000000000000000000000000000000
========================================================================
Received Import Request.
  Time since last request: 16.813280 seconds.
  path: Assets/Scripts/BodyChildLinker.cs
  artifactKey: Guid(4e191302091d843d8acaf5f2f6356a0b) Importer(815301076,1909f56bfc062723c751e8b465ee728b)
Start importing Assets/Scripts/BodyChildLinker.cs using Guid(4e191302091d843d8acaf5f2f6356a0b) Importer(815301076,1909f56bfc062723c751e8b465ee728b)  -> (artifact id: '95ba89772cd3e53e6c70628fd1ff4ace') in 0.019462 seconds
  Import took 0.024395 seconds .

========================================================================
Received Import Request.
  Time since last request: 0.015120 seconds.
  path: Assets/Scripts/BodyChildLinker.cs
  artifactKey: Guid(4e191302091d843d8acaf5f2f6356a0b) Importer(815301076,1909f56bfc062723c751e8b465ee728b)
Start importing Assets/Scripts/BodyChildLinker.cs using Guid(4e191302091d843d8acaf5f2f6356a0b) Importer(815301076,1909f56bfc062723c751e8b465ee728b)  -> (artifact id: '95ba89772cd3e53e6c70628fd1ff4ace') in 0.002041 seconds
  Import took 0.010243 seconds .

========================================================================
Received Prepare
Registering precompiled user dll's ...
Registered in 0.003551 seconds.
Begin MonoManager ReloadAssembly
Native extension for WindowsStandalone target not found
Native extension for OSXStandalone target not found
Native extension for WebGL target not found
Refreshing native plugins compatible for Editor in 0.59 ms, found 2 plugins.
Preloading 1 native plugins for Editor in 0.66 ms.
Mono: successfully reloaded assembly
- Completed reload, in  1.182 seconds
Platform modules already initialized, skipping
Switching build target platform(2) subTarget(0) extendedPlatform(0) -> platform(9) subTarget(16777218) extendedPlatform(0)
Refreshing native plugins compatible for Editor in 0.54 ms, found 2 plugins.
Preloading 1 native plugins for Editor in 0.59 ms.
Unloading 1960 Unused Serialized files (Serialized files now loaded: 0)
System memory in use before: 166.1 MB.
System memory in use after: 165.2 MB.

Unloading 24 unused Assets to reduce memory usage. Loaded Objects now: 2473.
Total: 3.867820 ms (FindLiveObjects: 0.324922 ms CreateObjectMapping: 0.171403 ms MarkObjects: 1.902622 ms  DeleteObjects: 1.466033 ms)

AssetImportParameters requested are different than current active one (requested -> active):
  custom:graphics/normal-map-encoding: 01000000000000000000000000000000 -> 02000000000000000000000000000000
========================================================================
Received Import Request.
  Time since last request: 34.944905 seconds.
  path: Assets/Scripts/BodyChildLinker.cs
  artifactKey: Guid(4e191302091d843d8acaf5f2f6356a0b) Importer(815301076,1909f56bfc062723c751e8b465ee728b)
Start importing Assets/Scripts/BodyChildLinker.cs using Guid(4e191302091d843d8acaf5f2f6356a0b) Importer(815301076,1909f56bfc062723c751e8b465ee728b)  -> (artifact id: '0f2aeee49c481e8ff1bc52171854690b') in 0.009392 seconds
  Import took 0.014562 seconds .

========================================================================
Received Import Request.
  Time since last request: 5.162605 seconds.
  path: Assets/ControlledRobot.prefab
  artifactKey: Guid(a71fc9c65ff0e4740a27a7ca88a6902b) Importer(815301076,1909f56bfc062723c751e8b465ee728b)
Start importing Assets/ControlledRobot.prefab using Guid(a71fc9c65ff0e4740a27a7ca88a6902b) Importer(815301076,1909f56bfc062723c751e8b465ee728b)  -> (artifact id: '84a79c4061a0fbd5b6693a322f9d6197') in 0.149925 seconds
  Import took 0.157890 seconds .

========================================================================
Received Import Request.
  Time since last request: 0.004585 seconds.
  path: Assets/ControlledRobot.prefab
  artifactKey: Guid(a71fc9c65ff0e4740a27a7ca88a6902b) Importer(815301076,1909f56bfc062723c751e8b465ee728b)
Start importing Assets/ControlledRobot.prefab using Guid(a71fc9c65ff0e4740a27a7ca88a6902b) Importer(815301076,1909f56bfc062723c751e8b465ee728b)  -> (artifact id: '84a79c4061a0fbd5b6693a322f9d6197') in 0.075116 seconds
  Import took 0.082047 seconds .

========================================================================
Received Prepare
Registering precompiled user dll's ...
Registered in 0.002518 seconds.
Begin MonoManager ReloadAssembly
Native extension for WindowsStandalone target not found
Native extension for OSXStandalone target not found
Native extension for WebGL target not found
Refreshing native plugins compatible for Editor in 0.55 ms, found 2 plugins.
Preloading 1 native plugins for Editor in 0.69 ms.
Mono: successfully reloaded assembly
- Completed reload, in  1.646 seconds
Platform modules already initialized, skipping
Switching build target platform(2) subTarget(0) extendedPlatform(0) -> platform(9) subTarget(16777218) extendedPlatform(0)
Refreshing native plugins compatible for Editor in 0.59 ms, found 2 plugins.
Preloading 1 native plugins for Editor in 0.72 ms.
Unloading 1960 Unused Serialized files (Serialized files now loaded: 0)
System memory in use before: 166.5 MB.
System memory in use after: 165.7 MB.

Unloading 24 unused Assets to reduce memory usage. Loaded Objects now: 2478.
Total: 5.172472 ms (FindLiveObjects: 0.438775 ms CreateObjectMapping: 0.447929 ms MarkObjects: 2.710668 ms  DeleteObjects: 1.572180 ms)

AssetImportParameters requested are different than current active one (requested -> active):
  custom:graphics/normal-map-encoding: 01000000000000000000000000000000 -> 02000000000000000000000000000000
========================================================================
Received Prepare
Refreshing native plugins compatible for Editor in 6.87 ms, found 2 plugins.
Preloading 1 native plugins for Editor in 0.60 ms.
Unloading 21 Unused Serialized files (Serialized files now loaded: 0)
System memory in use before: 131.8 MB.
System memory in use after: 130.9 MB.

Unloading 21 unused Assets to reduce memory usage. Loaded Objects now: 2478.
Total: 6.453719 ms (FindLiveObjects: 0.548263 ms CreateObjectMapping: 0.156312 ms MarkObjects: 4.356019 ms  DeleteObjects: 1.391207 ms)

========================================================================
Received Prepare
Registering precompiled user dll's ...
Registered in 0.003618 seconds.
Begin MonoManager ReloadAssembly
Native extension for WindowsStandalone target not found
Native extension for OSXStandalone target not found
Native extension for WebGL target not found
Refreshing native plugins compatible for Editor in 0.74 ms, found 2 plugins.
Preloading 1 native plugins for Editor in 0.96 ms.
Mono: successfully reloaded assembly
- Completed reload, in  2.050 seconds
Platform modules already initialized, skipping
Switching build target platform(2) subTarget(0) extendedPlatform(0) -> platform(9) subTarget(16777218) extendedPlatform(0)
Refreshing native plugins compatible for Editor in 0.96 ms, found 2 plugins.
Preloading 1 native plugins for Editor in 0.76 ms.
Unloading 1960 Unused Serialized files (Serialized files now loaded: 0)
System memory in use before: 167.8 MB.
System memory in use after: 166.9 MB.

Unloading 24 unused Assets to reduce memory usage. Loaded Objects now: 2482.
Total: 7.181922 ms (FindLiveObjects: 0.850172 ms CreateObjectMapping: 0.172218 ms MarkObjects: 4.534066 ms  DeleteObjects: 1.622701 ms)

AssetImportParameters requested are different than current active one (requested -> active):
  custom:graphics/normal-map-encoding: 01000000000000000000000000000000 -> 02000000000000000000000000000000
