Using pre-set license

 COMMAND LINE ARGUMENTS:
/Applications/Unity/Hub/Editor/2020.3.4f1/Unity.app/Contents/MacOS/Unity
-adb2
-batchMode
-noUpm
-name
AssetImportWorker0
-projectPath
/Users/philippark/HumanBirdTreeAR/HumanTree
-logFile
Logs/AssetImportWorker0.log
-srvPort
62331
Successfully changed project path to: /Users/philippark/HumanBirdTreeAR/HumanTree
/Users/philippark/HumanBirdTreeAR/HumanTree
Using Asset Import Pipeline V2.
Refreshing native plugins compatible for Editor in 44.97 ms, found 2 plugins.
Preloading 1 native plugins for Editor in 20.24 ms.
Initialize engine version: 2020.3.4f1 (0abb6314276a)
[Subsystems] Discovering subsystems at path /Applications/Unity/Hub/Editor/2020.3.4f1/Unity.app/Contents/Resources/UnitySubsystems
[Subsystems] Discovering subsystems at path /Users/philippark/HumanBirdTreeAR/HumanTree/Assets
GfxDevice: creating device client; threaded=0
2021-06-04 12:46:36.874 Unity[11741:1001796] Color LCD preferred device: Intel(R) Iris(TM) Plus Graphics 640 (low power)
2021-06-04 12:46:36.874 Unity[11741:1001796] Metal devices available: 1
2021-06-04 12:46:36.874 Unity[11741:1001796] 0: Intel(R) Iris(TM) Plus Graphics 640 (low power)
2021-06-04 12:46:36.874 Unity[11741:1001796] Using device Intel(R) Iris(TM) Plus Graphics 640 (low power)
Initializing Metal device caps: Intel(R) Iris(TM) Plus Graphics 640
Initialize mono
Mono path[0] = '/Applications/Unity/Hub/Editor/2020.3.4f1/Unity.app/Contents/Managed'
Mono path[1] = '/Applications/Unity/Hub/Editor/2020.3.4f1/Unity.app/Contents/MonoBleedingEdge/lib/mono/unityjit'
Mono config path = '/Applications/Unity/Hub/Editor/2020.3.4f1/Unity.app/Contents/MonoBleedingEdge/etc'
Using monoOptions --debugger-agent=transport=dt_socket,embedding=1,server=y,suspend=n,address=127.0.0.1:56741
Begin MonoManager ReloadAssembly
Registering precompiled unity dll's ...
Register platform support module: /Applications/Unity/Hub/Editor/2020.3.4f1/PlaybackEngines/WebGLSupport/UnityEditor.WebGL.Extensions.dll
Register platform support module: /Applications/Unity/Hub/Editor/2020.3.4f1/Unity.app/Contents/PlaybackEngines/MacStandaloneSupport/UnityEditor.OSXStandalone.Extensions.dll
Register platform support module: /Applications/Unity/Hub/Editor/2020.3.4f1/PlaybackEngines/WindowsStandaloneSupport/UnityEditor.WindowsStandalone.Extensions.dll
Registered in 0.004645 seconds.
Native extension for WindowsStandalone target not found
Native extension for OSXStandalone target not found
Native extension for WebGL target not found
Refreshing native plugins compatible for Editor in 38.77 ms, found 2 plugins.
Preloading 1 native plugins for Editor in 0.63 ms.
Mono: successfully reloaded assembly
- Completed reload, in  3.250 seconds
Platform modules already initialized, skipping
Registering precompiled user dll's ...
Registered in 0.007931 seconds.
Begin MonoManager ReloadAssembly
Native extension for WindowsStandalone target not found
Native extension for OSXStandalone target not found
Native extension for WebGL target not found
Refreshing native plugins compatible for Editor in 48.02 ms, found 2 plugins.
Preloading 1 native plugins for Editor in 0.59 ms.
Mono: successfully reloaded assembly
- Completed reload, in  1.438 seconds
Platform modules already initialized, skipping
========================================================================
Worker process is ready to serve import requests
Launching external process: /Applications/Unity/Hub/Editor/2020.3.4f1/Unity.app/Contents/Tools/UnityShaderCompiler
Launched and connected shader compiler UnityShaderCompiler after 0.03 seconds
Refreshing native plugins compatible for Editor in 0.49 ms, found 2 plugins.
Preloading 1 native plugins for Editor in 0.58 ms.
Unloading 1997 Unused Serialized files (Serialized files now loaded: 0)
System memory in use before: 159.0 MB.
System memory in use after: 158.1 MB.

Unloading 29 unused Assets to reduce memory usage. Loaded Objects now: 2423.
Total: 3.626751 ms (FindLiveObjects: 0.270358 ms CreateObjectMapping: 0.068334 ms MarkObjects: 2.057246 ms  DeleteObjects: 1.228166 ms)

========================================================================
Received Import Request.
  path: Assets/ControlledRobot.prefab
  artifactKey: Guid(a71fc9c65ff0e4740a27a7ca88a6902b) Importer(815301076,1909f56bfc062723c751e8b465ee728b)
Start importing Assets/ControlledRobot.prefab using Guid(a71fc9c65ff0e4740a27a7ca88a6902b) Importer(815301076,1909f56bfc062723c751e8b465ee728b)  -> (artifact id: '45cf15072c33844da14f147e2e88d337') in 2.396947 seconds
  Import took 2.401984 seconds .

========================================================================
Received Import Request.
  Time since last request: 38.676147 seconds.
  path: Assets/ControlledRobot.prefab
  artifactKey: Guid(a71fc9c65ff0e4740a27a7ca88a6902b) Importer(815301076,1909f56bfc062723c751e8b465ee728b)
Start importing Assets/ControlledRobot.prefab using Guid(a71fc9c65ff0e4740a27a7ca88a6902b) Importer(815301076,1909f56bfc062723c751e8b465ee728b)  -> (artifact id: 'c64a4d472bcfad182c8337a901335314') in 0.209966 seconds
  Import took 0.214374 seconds .

========================================================================
Received Import Request.
  Time since last request: 25.789762 seconds.
  path: Assets/ControlledRobot.prefab
  artifactKey: Guid(a71fc9c65ff0e4740a27a7ca88a6902b) Importer(815301076,1909f56bfc062723c751e8b465ee728b)
Start importing Assets/ControlledRobot.prefab using Guid(a71fc9c65ff0e4740a27a7ca88a6902b) Importer(815301076,1909f56bfc062723c751e8b465ee728b)  -> (artifact id: 'e8380a806b55c75868b6f72c982ff9ce') in 0.105165 seconds
  Import took 0.111706 seconds .

========================================================================
Received Import Request.
  Time since last request: 0.279893 seconds.
  path: Assets/ControlledRobot.prefab
  artifactKey: Guid(a71fc9c65ff0e4740a27a7ca88a6902b) Importer(815301076,1909f56bfc062723c751e8b465ee728b)
Start importing Assets/ControlledRobot.prefab using Guid(a71fc9c65ff0e4740a27a7ca88a6902b) Importer(815301076,1909f56bfc062723c751e8b465ee728b)  -> (artifact id: 'e26b7ef58010aeb3c35ddfa33e53847f') in 0.086746 seconds
  Import took 0.093097 seconds .

========================================================================
Received Import Request.
  Time since last request: 0.029541 seconds.
  path: Assets/ControlledRobot.prefab
  artifactKey: Guid(a71fc9c65ff0e4740a27a7ca88a6902b) Importer(815301076,1909f56bfc062723c751e8b465ee728b)
Start importing Assets/ControlledRobot.prefab using Guid(a71fc9c65ff0e4740a27a7ca88a6902b) Importer(815301076,1909f56bfc062723c751e8b465ee728b)  -> (artifact id: 'e26b7ef58010aeb3c35ddfa33e53847f') in 0.102381 seconds
  Import took 0.107062 seconds .

========================================================================
Received Import Request.
  Time since last request: 12.245634 seconds.
  path: Assets/ControlledRobot.prefab
  artifactKey: Guid(a71fc9c65ff0e4740a27a7ca88a6902b) Importer(815301076,1909f56bfc062723c751e8b465ee728b)
Start importing Assets/ControlledRobot.prefab using Guid(a71fc9c65ff0e4740a27a7ca88a6902b) Importer(815301076,1909f56bfc062723c751e8b465ee728b)  -> (artifact id: '64e7585a7612bc430cdba2b8969011e8') in 0.101001 seconds
  Import took 0.107024 seconds .

========================================================================
Received Import Request.
  Time since last request: 4.376485 seconds.
  path: Assets/ControlledRobot.prefab
  artifactKey: Guid(a71fc9c65ff0e4740a27a7ca88a6902b) Importer(815301076,1909f56bfc062723c751e8b465ee728b)
Start importing Assets/ControlledRobot.prefab using Guid(a71fc9c65ff0e4740a27a7ca88a6902b) Importer(815301076,1909f56bfc062723c751e8b465ee728b)  -> (artifact id: 'e01f26453f0e7d222f5316dadb2246cb') in 0.163942 seconds
  Import took 0.171628 seconds .

========================================================================
Received Import Request.
  Time since last request: 1.043093 seconds.
  path: Assets/ControlledRobot.prefab
  artifactKey: Guid(a71fc9c65ff0e4740a27a7ca88a6902b) Importer(815301076,1909f56bfc062723c751e8b465ee728b)
Start importing Assets/ControlledRobot.prefab using Guid(a71fc9c65ff0e4740a27a7ca88a6902b) Importer(815301076,1909f56bfc062723c751e8b465ee728b)  -> (artifact id: '33e0a2a466b258b80f64ea447c1b6bd8') in 0.145745 seconds
  Import took 0.151557 seconds .

========================================================================
Received Import Request.
  Time since last request: 11.472180 seconds.
  path: Assets/ControlledRobot.prefab
  artifactKey: Guid(a71fc9c65ff0e4740a27a7ca88a6902b) Importer(815301076,1909f56bfc062723c751e8b465ee728b)
Start importing Assets/ControlledRobot.prefab using Guid(a71fc9c65ff0e4740a27a7ca88a6902b) Importer(815301076,1909f56bfc062723c751e8b465ee728b)  -> (artifact id: 'e36b368a35a275fcf1388d9c075c898d') in 0.093623 seconds
  Import took 0.098740 seconds .

========================================================================
Received Import Request.
  Time since last request: 8.307479 seconds.
  path: Assets/ControlledRobot.prefab
  artifactKey: Guid(a71fc9c65ff0e4740a27a7ca88a6902b) Importer(815301076,1909f56bfc062723c751e8b465ee728b)
Start importing Assets/ControlledRobot.prefab using Guid(a71fc9c65ff0e4740a27a7ca88a6902b) Importer(815301076,1909f56bfc062723c751e8b465ee728b)  -> (artifact id: 'f5c845850ba3ae0f151645dac44513fe') in 0.128471 seconds
  Import took 0.134323 seconds .

========================================================================
Received Import Request.
  Time since last request: 13.647873 seconds.
  path: Assets/ControlledRobot.prefab
  artifactKey: Guid(a71fc9c65ff0e4740a27a7ca88a6902b) Importer(815301076,1909f56bfc062723c751e8b465ee728b)
Start importing Assets/ControlledRobot.prefab using Guid(a71fc9c65ff0e4740a27a7ca88a6902b) Importer(815301076,1909f56bfc062723c751e8b465ee728b)  -> (artifact id: '35df7bc1772e5e30eb64a4adb0b05105') in 0.151001 seconds
  Import took 0.158716 seconds .

========================================================================
Received Import Request.
  Time since last request: 2.112743 seconds.
  path: Assets/ControlledRobot.prefab
  artifactKey: Guid(a71fc9c65ff0e4740a27a7ca88a6902b) Importer(815301076,1909f56bfc062723c751e8b465ee728b)
Start importing Assets/ControlledRobot.prefab using Guid(a71fc9c65ff0e4740a27a7ca88a6902b) Importer(815301076,1909f56bfc062723c751e8b465ee728b)  -> (artifact id: '9a6d486b0936860ed83eebe5821774ae') in 0.110485 seconds
  Import took 0.118469 seconds .

========================================================================
Received Import Request.
  Time since last request: 3.690975 seconds.
  path: Assets/ControlledRobot.prefab
  artifactKey: Guid(a71fc9c65ff0e4740a27a7ca88a6902b) Importer(815301076,1909f56bfc062723c751e8b465ee728b)
Start importing Assets/ControlledRobot.prefab using Guid(a71fc9c65ff0e4740a27a7ca88a6902b) Importer(815301076,1909f56bfc062723c751e8b465ee728b)  -> (artifact id: '4d39d50660bcca826a3a5a25bf62eec9') in 0.094290 seconds
  Import took 0.099951 seconds .

========================================================================
Received Import Request.
  Time since last request: 6.194881 seconds.
  path: Assets/ControlledRobot.prefab
  artifactKey: Guid(a71fc9c65ff0e4740a27a7ca88a6902b) Importer(815301076,1909f56bfc062723c751e8b465ee728b)
Start importing Assets/ControlledRobot.prefab using Guid(a71fc9c65ff0e4740a27a7ca88a6902b) Importer(815301076,1909f56bfc062723c751e8b465ee728b)  -> (artifact id: 'aeb2ab1ff60b99a632ad3dfb1b8cebf1') in 0.150558 seconds
  Import took 0.156728 seconds .

========================================================================
Received Import Request.
  Time since last request: 5.014009 seconds.
  path: Assets/ControlledRobot.prefab
  artifactKey: Guid(a71fc9c65ff0e4740a27a7ca88a6902b) Importer(815301076,1909f56bfc062723c751e8b465ee728b)
Start importing Assets/ControlledRobot.prefab using Guid(a71fc9c65ff0e4740a27a7ca88a6902b) Importer(815301076,1909f56bfc062723c751e8b465ee728b)  -> (artifact id: 'be36e24ed4ba95decb68e7f604d9605b') in 0.149188 seconds
  Import took 0.154233 seconds .

========================================================================
Received Import Request.
  Time since last request: 8.397311 seconds.
  path: Assets/ControlledRobot.prefab
  artifactKey: Guid(a71fc9c65ff0e4740a27a7ca88a6902b) Importer(815301076,1909f56bfc062723c751e8b465ee728b)
Start importing Assets/ControlledRobot.prefab using Guid(a71fc9c65ff0e4740a27a7ca88a6902b) Importer(815301076,1909f56bfc062723c751e8b465ee728b)  -> (artifact id: '552e3f7899c2012a132bf573a149ceb4') in 0.155116 seconds
  Import took 0.161187 seconds .

========================================================================
Received Import Request.
  Time since last request: 3.454070 seconds.
  path: Assets/ControlledRobot.prefab
  artifactKey: Guid(a71fc9c65ff0e4740a27a7ca88a6902b) Importer(815301076,1909f56bfc062723c751e8b465ee728b)
Start importing Assets/ControlledRobot.prefab using Guid(a71fc9c65ff0e4740a27a7ca88a6902b) Importer(815301076,1909f56bfc062723c751e8b465ee728b)  -> (artifact id: '47a4b2c818ae9d7dd95ae16553d416fc') in 0.122639 seconds
  Import took 0.127373 seconds .

========================================================================
Received Import Request.
  Time since last request: 5.624207 seconds.
  path: Assets/ControlledRobot.prefab
  artifactKey: Guid(a71fc9c65ff0e4740a27a7ca88a6902b) Importer(815301076,1909f56bfc062723c751e8b465ee728b)
Start importing Assets/ControlledRobot.prefab using Guid(a71fc9c65ff0e4740a27a7ca88a6902b) Importer(815301076,1909f56bfc062723c751e8b465ee728b)  -> (artifact id: 'bf4e04dfc89cd26689db528be1c78dfa') in 0.133210 seconds
  Import took 0.138367 seconds .

========================================================================
Received Import Request.
  Time since last request: 5.038933 seconds.
  path: Assets/ControlledRobot.prefab
  artifactKey: Guid(a71fc9c65ff0e4740a27a7ca88a6902b) Importer(815301076,1909f56bfc062723c751e8b465ee728b)
Start importing Assets/ControlledRobot.prefab using Guid(a71fc9c65ff0e4740a27a7ca88a6902b) Importer(815301076,1909f56bfc062723c751e8b465ee728b)  -> (artifact id: '5391a087bd1422b7fd730446c926ca4b') in 0.128394 seconds
  Import took 0.134684 seconds .

========================================================================
Received Import Request.
  Time since last request: 3.234008 seconds.
  path: Assets/ControlledRobot.prefab
  artifactKey: Guid(a71fc9c65ff0e4740a27a7ca88a6902b) Importer(815301076,1909f56bfc062723c751e8b465ee728b)
Start importing Assets/ControlledRobot.prefab using Guid(a71fc9c65ff0e4740a27a7ca88a6902b) Importer(815301076,1909f56bfc062723c751e8b465ee728b)  -> (artifact id: 'b58331ac77cec0a366af78c6cc34fb48') in 0.112813 seconds
  Import took 0.120702 seconds .

========================================================================
Received Import Request.
  Time since last request: 4.967128 seconds.
  path: Assets/ControlledRobot.prefab
  artifactKey: Guid(a71fc9c65ff0e4740a27a7ca88a6902b) Importer(815301076,1909f56bfc062723c751e8b465ee728b)
Start importing Assets/ControlledRobot.prefab using Guid(a71fc9c65ff0e4740a27a7ca88a6902b) Importer(815301076,1909f56bfc062723c751e8b465ee728b)  -> (artifact id: 'aea891ba9cedaf74b3d63622f6007099') in 0.109017 seconds
  Import took 0.114716 seconds .

========================================================================
Received Import Request.
  Time since last request: 1.949464 seconds.
  path: Assets/ControlledRobot.prefab
  artifactKey: Guid(a71fc9c65ff0e4740a27a7ca88a6902b) Importer(815301076,1909f56bfc062723c751e8b465ee728b)
Start importing Assets/ControlledRobot.prefab using Guid(a71fc9c65ff0e4740a27a7ca88a6902b) Importer(815301076,1909f56bfc062723c751e8b465ee728b)  -> (artifact id: 'e15a5a7326d24e53bbdb2e603a3acb3a') in 0.108096 seconds
  Import took 0.113001 seconds .

========================================================================
Received Import Request.
  Time since last request: 2.519263 seconds.
  path: Assets/ControlledRobot.prefab
  artifactKey: Guid(a71fc9c65ff0e4740a27a7ca88a6902b) Importer(815301076,1909f56bfc062723c751e8b465ee728b)
Start importing Assets/ControlledRobot.prefab using Guid(a71fc9c65ff0e4740a27a7ca88a6902b) Importer(815301076,1909f56bfc062723c751e8b465ee728b)  -> (artifact id: 'a0be1e01c13cd1fc577348cd2d6eb80c') in 0.175410 seconds
  Import took 0.183488 seconds .

========================================================================
Received Import Request.
  Time since last request: 1.914030 seconds.
  path: Assets/ControlledRobot.prefab
  artifactKey: Guid(a71fc9c65ff0e4740a27a7ca88a6902b) Importer(815301076,1909f56bfc062723c751e8b465ee728b)
Start importing Assets/ControlledRobot.prefab using Guid(a71fc9c65ff0e4740a27a7ca88a6902b) Importer(815301076,1909f56bfc062723c751e8b465ee728b)  -> (artifact id: '41bf66ac47e3939e95dc852fdc47809b') in 0.096764 seconds
  Import took 0.101600 seconds .

========================================================================
Received Import Request.
  Time since last request: 2.098093 seconds.
  path: Assets/ControlledRobot.prefab
  artifactKey: Guid(a71fc9c65ff0e4740a27a7ca88a6902b) Importer(815301076,1909f56bfc062723c751e8b465ee728b)
Start importing Assets/ControlledRobot.prefab using Guid(a71fc9c65ff0e4740a27a7ca88a6902b) Importer(815301076,1909f56bfc062723c751e8b465ee728b)  -> (artifact id: '709c7812c894bd800df6c7c0c3825f61') in 0.106868 seconds
  Import took 0.112864 seconds .

========================================================================
Received Import Request.
  Time since last request: 5.131956 seconds.
  path: Assets/ControlledRobot.prefab
  artifactKey: Guid(a71fc9c65ff0e4740a27a7ca88a6902b) Importer(815301076,1909f56bfc062723c751e8b465ee728b)
Start importing Assets/ControlledRobot.prefab using Guid(a71fc9c65ff0e4740a27a7ca88a6902b) Importer(815301076,1909f56bfc062723c751e8b465ee728b)  -> (artifact id: '90bd9b662fef7a479410a296e4e30beb') in 0.105264 seconds
  Import took 0.112829 seconds .

========================================================================
Received Import Request.
  Time since last request: 17.633667 seconds.
  path: Assets/ControlledRobot.prefab
  artifactKey: Guid(a71fc9c65ff0e4740a27a7ca88a6902b) Importer(815301076,1909f56bfc062723c751e8b465ee728b)
Start importing Assets/ControlledRobot.prefab using Guid(a71fc9c65ff0e4740a27a7ca88a6902b) Importer(815301076,1909f56bfc062723c751e8b465ee728b)  -> (artifact id: 'efa254f3bbc19aa8e8830d8b50e8d735') in 0.134837 seconds
  Import took 0.141009 seconds .

========================================================================
Received Import Request.
  Time since last request: 7.537302 seconds.
  path: Assets/ControlledRobot.prefab
  artifactKey: Guid(a71fc9c65ff0e4740a27a7ca88a6902b) Importer(815301076,1909f56bfc062723c751e8b465ee728b)
Start importing Assets/ControlledRobot.prefab using Guid(a71fc9c65ff0e4740a27a7ca88a6902b) Importer(815301076,1909f56bfc062723c751e8b465ee728b)  -> (artifact id: '91bfe65dd7f407545e4809dd0be8c6c9') in 0.114797 seconds
  Import took 0.119738 seconds .

========================================================================
Received Import Request.
  Time since last request: 2.506590 seconds.
  path: Assets/ControlledRobot.prefab
  artifactKey: Guid(a71fc9c65ff0e4740a27a7ca88a6902b) Importer(815301076,1909f56bfc062723c751e8b465ee728b)
Start importing Assets/ControlledRobot.prefab using Guid(a71fc9c65ff0e4740a27a7ca88a6902b) Importer(815301076,1909f56bfc062723c751e8b465ee728b)  -> (artifact id: 'cb3e4de6e5d3526bb0ae4a7a87dd36cc') in 0.104921 seconds
  Import took 0.111523 seconds .

========================================================================
Received Import Request.
  Time since last request: 1.697544 seconds.
  path: Assets/ControlledRobot.prefab
  artifactKey: Guid(a71fc9c65ff0e4740a27a7ca88a6902b) Importer(815301076,1909f56bfc062723c751e8b465ee728b)
Start importing Assets/ControlledRobot.prefab using Guid(a71fc9c65ff0e4740a27a7ca88a6902b) Importer(815301076,1909f56bfc062723c751e8b465ee728b)  -> (artifact id: '6a728be04e3d26c45ab6e6eb4a06d7b6') in 0.112591 seconds
  Import took 0.116851 seconds .

========================================================================
Received Import Request.
  Time since last request: 45.080274 seconds.
  path: Assets/ControlledRobot.prefab
  artifactKey: Guid(a71fc9c65ff0e4740a27a7ca88a6902b) Importer(815301076,1909f56bfc062723c751e8b465ee728b)
Start importing Assets/ControlledRobot.prefab using Guid(a71fc9c65ff0e4740a27a7ca88a6902b) Importer(815301076,1909f56bfc062723c751e8b465ee728b)  -> (artifact id: 'd5294fa557fce445dee8102ec8fae6f3') in 0.186064 seconds
  Import took 0.193127 seconds .

========================================================================
Received Import Request.
  Time since last request: 7.217790 seconds.
  path: Assets/ControlledRobot.prefab
  artifactKey: Guid(a71fc9c65ff0e4740a27a7ca88a6902b) Importer(815301076,1909f56bfc062723c751e8b465ee728b)
Start importing Assets/ControlledRobot.prefab using Guid(a71fc9c65ff0e4740a27a7ca88a6902b) Importer(815301076,1909f56bfc062723c751e8b465ee728b)  -> (artifact id: 'ad87f90c62a88f7bb31badaef7ad18ce') in 0.103298 seconds
  Import took 0.108318 seconds .

========================================================================
Received Import Request.
  Time since last request: 3.371851 seconds.
  path: Assets/ControlledRobot.prefab
  artifactKey: Guid(a71fc9c65ff0e4740a27a7ca88a6902b) Importer(815301076,1909f56bfc062723c751e8b465ee728b)
Start importing Assets/ControlledRobot.prefab using Guid(a71fc9c65ff0e4740a27a7ca88a6902b) Importer(815301076,1909f56bfc062723c751e8b465ee728b)  -> (artifact id: '44ca439e01cf6a9782f94d326b356e2f') in 0.116861 seconds
  Import took 0.122335 seconds .

========================================================================
Received Import Request.
  Time since last request: 1.344467 seconds.
  path: Assets/ControlledRobot.prefab
  artifactKey: Guid(a71fc9c65ff0e4740a27a7ca88a6902b) Importer(815301076,1909f56bfc062723c751e8b465ee728b)
Start importing Assets/ControlledRobot.prefab using Guid(a71fc9c65ff0e4740a27a7ca88a6902b) Importer(815301076,1909f56bfc062723c751e8b465ee728b)  -> (artifact id: 'ae56d0354ddb9fe1f1651e501bd930ce') in 0.108493 seconds
  Import took 0.115476 seconds .

========================================================================
Received Import Request.
  Time since last request: 2.498974 seconds.
  path: Assets/ControlledRobot.prefab
  artifactKey: Guid(a71fc9c65ff0e4740a27a7ca88a6902b) Importer(815301076,1909f56bfc062723c751e8b465ee728b)
Start importing Assets/ControlledRobot.prefab using Guid(a71fc9c65ff0e4740a27a7ca88a6902b) Importer(815301076,1909f56bfc062723c751e8b465ee728b)  -> (artifact id: '145de5ac1f0bda4b2bc42ab7e6e0ef9f') in 0.093720 seconds
  Import took 0.098258 seconds .

========================================================================
Received Import Request.
  Time since last request: 5.981532 seconds.
  path: Assets/ControlledRobot.prefab
  artifactKey: Guid(a71fc9c65ff0e4740a27a7ca88a6902b) Importer(815301076,1909f56bfc062723c751e8b465ee728b)
Start importing Assets/ControlledRobot.prefab using Guid(a71fc9c65ff0e4740a27a7ca88a6902b) Importer(815301076,1909f56bfc062723c751e8b465ee728b)  -> (artifact id: '283e475b3c3b5ecacff64cfb11f2a7c6') in 0.162491 seconds
  Import took 0.169265 seconds .

========================================================================
Received Import Request.
  Time since last request: 4.060848 seconds.
  path: Assets/ControlledRobot.prefab
  artifactKey: Guid(a71fc9c65ff0e4740a27a7ca88a6902b) Importer(815301076,1909f56bfc062723c751e8b465ee728b)
Start importing Assets/ControlledRobot.prefab using Guid(a71fc9c65ff0e4740a27a7ca88a6902b) Importer(815301076,1909f56bfc062723c751e8b465ee728b)  -> (artifact id: '743309f28881f7804835eff7500f86b9') in 0.099371 seconds
  Import took 0.105302 seconds .

========================================================================
Received Import Request.
  Time since last request: 4.566904 seconds.
  path: Assets/ControlledRobot.prefab
  artifactKey: Guid(a71fc9c65ff0e4740a27a7ca88a6902b) Importer(815301076,1909f56bfc062723c751e8b465ee728b)
Start importing Assets/ControlledRobot.prefab using Guid(a71fc9c65ff0e4740a27a7ca88a6902b) Importer(815301076,1909f56bfc062723c751e8b465ee728b)  -> (artifact id: 'd6b3cfd7ffef6eec04dab4c5b9c7b613') in 0.124667 seconds
  Import took 0.132398 seconds .

========================================================================
Received Import Request.
  Time since last request: 6.770007 seconds.
  path: Assets/ControlledRobot.prefab
  artifactKey: Guid(a71fc9c65ff0e4740a27a7ca88a6902b) Importer(815301076,1909f56bfc062723c751e8b465ee728b)
Start importing Assets/ControlledRobot.prefab using Guid(a71fc9c65ff0e4740a27a7ca88a6902b) Importer(815301076,1909f56bfc062723c751e8b465ee728b)  -> (artifact id: '7e1e3e0cf24daa1bc5ecac9dfbfd80e5') in 0.119175 seconds
  Import took 0.124220 seconds .

========================================================================
Received Import Request.
  Time since last request: 235.972967 seconds.
  path: Assets/ControlledRobot.prefab
  artifactKey: Guid(a71fc9c65ff0e4740a27a7ca88a6902b) Importer(815301076,1909f56bfc062723c751e8b465ee728b)
Start importing Assets/ControlledRobot.prefab using Guid(a71fc9c65ff0e4740a27a7ca88a6902b) Importer(815301076,1909f56bfc062723c751e8b465ee728b)  -> (artifact id: 'e815b74b7f9e8e1e61aa38d335d1ef9b') in 0.154174 seconds
  Import took 0.161106 seconds .

========================================================================
Received Prepare
Registering precompiled user dll's ...
Registered in 0.004637 seconds.
Begin MonoManager ReloadAssembly
Native extension for WindowsStandalone target not found
Native extension for OSXStandalone target not found
Native extension for WebGL target not found
Refreshing native plugins compatible for Editor in 0.75 ms, found 2 plugins.
Preloading 1 native plugins for Editor in 1.87 ms.
Mono: successfully reloaded assembly
- Completed reload, in  1.623 seconds
Platform modules already initialized, skipping
Switching build target platform(2) subTarget(0) extendedPlatform(0) -> platform(9) subTarget(16777218) extendedPlatform(0)
Refreshing native plugins compatible for Editor in 0.52 ms, found 2 plugins.
Preloading 1 native plugins for Editor in 0.59 ms.
Unloading 1961 Unused Serialized files (Serialized files now loaded: 0)
System memory in use before: 180.1 MB.
System memory in use after: 179.3 MB.

Unloading 24 unused Assets to reduce memory usage. Loaded Objects now: 2472.
Total: 5.654305 ms (FindLiveObjects: 0.575586 ms CreateObjectMapping: 0.373250 ms MarkObjects: 3.197842 ms  DeleteObjects: 1.505533 ms)

AssetImportParameters requested are different than current active one (requested -> active):
  custom:graphics/normal-map-encoding: 01000000000000000000000000000000 -> 02000000000000000000000000000000
========================================================================
Received Prepare
Registering precompiled user dll's ...
Registered in 0.000993 seconds.
Begin MonoManager ReloadAssembly
Native extension for WindowsStandalone target not found
Native extension for OSXStandalone target not found
Native extension for WebGL target not found
Refreshing native plugins compatible for Editor in 0.54 ms, found 2 plugins.
Preloading 1 native plugins for Editor in 0.60 ms.
Mono: successfully reloaded assembly
- Completed reload, in  1.126 seconds
Platform modules already initialized, skipping
Switching build target platform(2) subTarget(0) extendedPlatform(0) -> platform(9) subTarget(16777218) extendedPlatform(0)
Refreshing native plugins compatible for Editor in 0.50 ms, found 2 plugins.
Preloading 1 native plugins for Editor in 0.75 ms.
Unloading 1961 Unused Serialized files (Serialized files now loaded: 0)
System memory in use before: 180.5 MB.
System memory in use after: 179.6 MB.

Unloading 24 unused Assets to reduce memory usage. Loaded Objects now: 2476.
Total: 2.947694 ms (FindLiveObjects: 0.238373 ms CreateObjectMapping: 0.072905 ms MarkObjects: 1.637652 ms  DeleteObjects: 0.997353 ms)

AssetImportParameters requested are different than current active one (requested -> active):
  custom:graphics/normal-map-encoding: 01000000000000000000000000000000 -> 02000000000000000000000000000000
========================================================================
Received Prepare
Registering precompiled user dll's ...
Registered in 0.004266 seconds.
Begin MonoManager ReloadAssembly
Native extension for WindowsStandalone target not found
Native extension for OSXStandalone target not found
Native extension for WebGL target not found
Refreshing native plugins compatible for Editor in 0.53 ms, found 2 plugins.
Preloading 1 native plugins for Editor in 0.69 ms.
Mono: successfully reloaded assembly
- Completed reload, in  1.173 seconds
Platform modules already initialized, skipping
Switching build target platform(2) subTarget(0) extendedPlatform(0) -> platform(9) subTarget(16777218) extendedPlatform(0)
Refreshing native plugins compatible for Editor in 0.53 ms, found 2 plugins.
Preloading 1 native plugins for Editor in 0.58 ms.
Unloading 1962 Unused Serialized files (Serialized files now loaded: 0)
System memory in use before: 180.6 MB.
System memory in use after: 179.7 MB.

Unloading 24 unused Assets to reduce memory usage. Loaded Objects now: 2481.
Total: 3.378658 ms (FindLiveObjects: 0.369387 ms CreateObjectMapping: 0.086390 ms MarkObjects: 1.923516 ms  DeleteObjects: 0.997479 ms)

AssetImportParameters requested are different than current active one (requested -> active):
  custom:graphics/normal-map-encoding: 01000000000000000000000000000000 -> 02000000000000000000000000000000
========================================================================
Received Import Request.
  Time since last request: 542.685328 seconds.
  path: Assets/ControlledRobot.prefab
  artifactKey: Guid(a71fc9c65ff0e4740a27a7ca88a6902b) Importer(815301076,1909f56bfc062723c751e8b465ee728b)
Start importing Assets/ControlledRobot.prefab using Guid(a71fc9c65ff0e4740a27a7ca88a6902b) Importer(815301076,1909f56bfc062723c751e8b465ee728b)  -> (artifact id: '74eab1ebb7c8e784be3f9d6ebd6906d9') in 0.624376 seconds
  Import took 0.633617 seconds .

========================================================================
Received Prepare
Registering precompiled user dll's ...
Registered in 0.004175 seconds.
Begin MonoManager ReloadAssembly
Native extension for WindowsStandalone target not found
Native extension for OSXStandalone target not found
Native extension for WebGL target not found
Refreshing native plugins compatible for Editor in 0.52 ms, found 2 plugins.
Preloading 1 native plugins for Editor in 0.59 ms.
Mono: successfully reloaded assembly
- Completed reload, in  1.283 seconds
Platform modules already initialized, skipping
Switching build target platform(2) subTarget(0) extendedPlatform(0) -> platform(9) subTarget(16777218) extendedPlatform(0)
Refreshing native plugins compatible for Editor in 0.48 ms, found 2 plugins.
Preloading 1 native plugins for Editor in 0.58 ms.
Unloading 1962 Unused Serialized files (Serialized files now loaded: 0)
System memory in use before: 181.0 MB.
System memory in use after: 180.1 MB.

Unloading 24 unused Assets to reduce memory usage. Loaded Objects now: 2486.
Total: 5.023148 ms (FindLiveObjects: 0.291656 ms CreateObjectMapping: 0.093849 ms MarkObjects: 2.935995 ms  DeleteObjects: 1.700170 ms)

AssetImportParameters requested are different than current active one (requested -> active):
  custom:graphics/normal-map-encoding: 01000000000000000000000000000000 -> 02000000000000000000000000000000
========================================================================
Received Prepare
Registering precompiled user dll's ...
Registered in 0.004625 seconds.
Begin MonoManager ReloadAssembly
Native extension for WindowsStandalone target not found
Native extension for OSXStandalone target not found
Native extension for WebGL target not found
Refreshing native plugins compatible for Editor in 0.60 ms, found 2 plugins.
Preloading 1 native plugins for Editor in 0.92 ms.
Mono: successfully reloaded assembly
- Completed reload, in  1.946 seconds
Platform modules already initialized, skipping
Switching build target platform(2) subTarget(0) extendedPlatform(0) -> platform(9) subTarget(16777218) extendedPlatform(0)
Refreshing native plugins compatible for Editor in 0.55 ms, found 2 plugins.
Preloading 1 native plugins for Editor in 0.84 ms.
Unloading 1962 Unused Serialized files (Serialized files now loaded: 0)
System memory in use before: 181.2 MB.
System memory in use after: 180.3 MB.

Unloading 24 unused Assets to reduce memory usage. Loaded Objects now: 2490.
Total: 3.559317 ms (FindLiveObjects: 0.368785 ms CreateObjectMapping: 0.129108 ms MarkObjects: 1.902964 ms  DeleteObjects: 1.157248 ms)

AssetImportParameters requested are different than current active one (requested -> active):
  custom:graphics/normal-map-encoding: 01000000000000000000000000000000 -> 02000000000000000000000000000000
========================================================================
Received Prepare
Registering precompiled user dll's ...
Registered in 0.003059 seconds.
Begin MonoManager ReloadAssembly
Native extension for WindowsStandalone target not found
Native extension for OSXStandalone target not found
Native extension for WebGL target not found
Refreshing native plugins compatible for Editor in 0.52 ms, found 2 plugins.
Preloading 1 native plugins for Editor in 0.59 ms.
Mono: successfully reloaded assembly
- Completed reload, in  1.148 seconds
Platform modules already initialized, skipping
Switching build target platform(2) subTarget(0) extendedPlatform(0) -> platform(9) subTarget(16777218) extendedPlatform(0)
Refreshing native plugins compatible for Editor in 0.53 ms, found 2 plugins.
Preloading 1 native plugins for Editor in 0.59 ms.
Unloading 1962 Unused Serialized files (Serialized files now loaded: 0)
System memory in use before: 181.5 MB.
System memory in use after: 180.6 MB.

Unloading 24 unused Assets to reduce memory usage. Loaded Objects now: 2494.
Total: 3.338863 ms (FindLiveObjects: 0.240568 ms CreateObjectMapping: 0.072235 ms MarkObjects: 1.825000 ms  DeleteObjects: 1.198941 ms)

AssetImportParameters requested are different than current active one (requested -> active):
  custom:graphics/normal-map-encoding: 01000000000000000000000000000000 -> 02000000000000000000000000000000
========================================================================
Received Prepare
Registering precompiled user dll's ...
Registered in 0.004237 seconds.
Begin MonoManager ReloadAssembly
Native extension for WindowsStandalone target not found
Native extension for OSXStandalone target not found
Native extension for WebGL target not found
Refreshing native plugins compatible for Editor in 0.51 ms, found 2 plugins.
Preloading 1 native plugins for Editor in 0.60 ms.
Mono: successfully reloaded assembly
- Completed reload, in  1.247 seconds
Platform modules already initialized, skipping
Switching build target platform(2) subTarget(0) extendedPlatform(0) -> platform(9) subTarget(16777218) extendedPlatform(0)
Refreshing native plugins compatible for Editor in 0.57 ms, found 2 plugins.
Preloading 1 native plugins for Editor in 0.62 ms.
Unloading 1962 Unused Serialized files (Serialized files now loaded: 0)
System memory in use before: 181.7 MB.
System memory in use after: 180.8 MB.

Unloading 24 unused Assets to reduce memory usage. Loaded Objects now: 2498.
Total: 3.952970 ms (FindLiveObjects: 0.358847 ms CreateObjectMapping: 0.128776 ms MarkObjects: 2.245013 ms  DeleteObjects: 1.216410 ms)

AssetImportParameters requested are different than current active one (requested -> active):
  custom:graphics/normal-map-encoding: 01000000000000000000000000000000 -> 02000000000000000000000000000000
========================================================================
Received Prepare
Registering precompiled user dll's ...
Registered in 0.002377 seconds.
Begin MonoManager ReloadAssembly
Native extension for WindowsStandalone target not found
Native extension for OSXStandalone target not found
Native extension for WebGL target not found
Refreshing native plugins compatible for Editor in 0.51 ms, found 2 plugins.
Preloading 1 native plugins for Editor in 0.59 ms.
Mono: successfully reloaded assembly
- Completed reload, in  1.279 seconds
Platform modules already initialized, skipping
Switching build target platform(2) subTarget(0) extendedPlatform(0) -> platform(9) subTarget(16777218) extendedPlatform(0)
Refreshing native plugins compatible for Editor in 0.52 ms, found 2 plugins.
Preloading 1 native plugins for Editor in 0.58 ms.
Unloading 1962 Unused Serialized files (Serialized files now loaded: 0)
System memory in use before: 181.8 MB.
System memory in use after: 180.9 MB.

Unloading 24 unused Assets to reduce memory usage. Loaded Objects now: 2502.
Total: 3.075128 ms (FindLiveObjects: 0.258576 ms CreateObjectMapping: 0.077670 ms MarkObjects: 1.662090 ms  DeleteObjects: 1.074765 ms)

AssetImportParameters requested are different than current active one (requested -> active):
  custom:graphics/normal-map-encoding: 01000000000000000000000000000000 -> 02000000000000000000000000000000
========================================================================
Received Prepare
Registering precompiled user dll's ...
Registered in 0.001065 seconds.
Begin MonoManager ReloadAssembly
Native extension for WindowsStandalone target not found
Native extension for OSXStandalone target not found
Native extension for WebGL target not found
Refreshing native plugins compatible for Editor in 0.56 ms, found 2 plugins.
Preloading 1 native plugins for Editor in 0.58 ms.
Mono: successfully reloaded assembly
- Completed reload, in  1.244 seconds
Platform modules already initialized, skipping
Switching build target platform(2) subTarget(0) extendedPlatform(0) -> platform(9) subTarget(16777218) extendedPlatform(0)
Refreshing native plugins compatible for Editor in 0.50 ms, found 2 plugins.
Preloading 1 native plugins for Editor in 0.58 ms.
Unloading 1962 Unused Serialized files (Serialized files now loaded: 0)
System memory in use before: 182.1 MB.
System memory in use after: 181.2 MB.

Unloading 24 unused Assets to reduce memory usage. Loaded Objects now: 2506.
Total: 3.510765 ms (FindLiveObjects: 0.250045 ms CreateObjectMapping: 0.085648 ms MarkObjects: 1.980135 ms  DeleteObjects: 1.192800 ms)

AssetImportParameters requested are different than current active one (requested -> active):
  custom:graphics/normal-map-encoding: 01000000000000000000000000000000 -> 02000000000000000000000000000000
========================================================================
Received Prepare
Registering precompiled user dll's ...
Registered in 0.001695 seconds.
Begin MonoManager ReloadAssembly
Native extension for WindowsStandalone target not found
Native extension for OSXStandalone target not found
Native extension for WebGL target not found
Refreshing native plugins compatible for Editor in 0.86 ms, found 2 plugins.
Preloading 1 native plugins for Editor in 0.90 ms.
Mono: successfully reloaded assembly
- Completed reload, in  1.184 seconds
Platform modules already initialized, skipping
Switching build target platform(2) subTarget(0) extendedPlatform(0) -> platform(9) subTarget(16777218) extendedPlatform(0)
Refreshing native plugins compatible for Editor in 0.55 ms, found 2 plugins.
Preloading 1 native plugins for Editor in 0.64 ms.
Unloading 1962 Unused Serialized files (Serialized files now loaded: 0)
System memory in use before: 182.2 MB.
System memory in use after: 181.3 MB.

Unloading 24 unused Assets to reduce memory usage. Loaded Objects now: 2510.
Total: 3.820263 ms (FindLiveObjects: 0.551271 ms CreateObjectMapping: 0.166222 ms MarkObjects: 1.819640 ms  DeleteObjects: 1.281226 ms)

AssetImportParameters requested are different than current active one (requested -> active):
  custom:graphics/normal-map-encoding: 01000000000000000000000000000000 -> 02000000000000000000000000000000
========================================================================
Received Prepare
Registering precompiled user dll's ...
Registered in 0.001018 seconds.
Begin MonoManager ReloadAssembly
Native extension for WindowsStandalone target not found
Native extension for OSXStandalone target not found
Native extension for WebGL target not found
Refreshing native plugins compatible for Editor in 0.48 ms, found 2 plugins.
Preloading 1 native plugins for Editor in 0.77 ms.
Mono: successfully reloaded assembly
- Completed reload, in  1.161 seconds
Platform modules already initialized, skipping
Switching build target platform(2) subTarget(0) extendedPlatform(0) -> platform(9) subTarget(16777218) extendedPlatform(0)
Refreshing native plugins compatible for Editor in 0.54 ms, found 2 plugins.
Preloading 1 native plugins for Editor in 0.59 ms.
Unloading 1962 Unused Serialized files (Serialized files now loaded: 0)
System memory in use before: 182.4 MB.
System memory in use after: 181.5 MB.

Unloading 24 unused Assets to reduce memory usage. Loaded Objects now: 2514.
Total: 5.671456 ms (FindLiveObjects: 0.507896 ms CreateObjectMapping: 0.156265 ms MarkObjects: 2.868263 ms  DeleteObjects: 2.136886 ms)

AssetImportParameters requested are different than current active one (requested -> active):
  custom:graphics/normal-map-encoding: 01000000000000000000000000000000 -> 02000000000000000000000000000000
========================================================================
Received Prepare
Refreshing native plugins compatible for Editor in 7.48 ms, found 2 plugins.
Preloading 1 native plugins for Editor in 1.09 ms.
Unloading 21 Unused Serialized files (Serialized files now loaded: 0)
System memory in use before: 147.3 MB.
System memory in use after: 146.4 MB.

Unloading 21 unused Assets to reduce memory usage. Loaded Objects now: 2514.
Total: 19.126993 ms (FindLiveObjects: 0.909701 ms CreateObjectMapping: 0.091626 ms MarkObjects: 16.843989 ms  DeleteObjects: 1.280311 ms)

========================================================================
Received Prepare
Registering precompiled user dll's ...
Registered in 0.003582 seconds.
Begin MonoManager ReloadAssembly
Native extension for WindowsStandalone target not found
Native extension for OSXStandalone target not found
Native extension for WebGL target not found
Refreshing native plugins compatible for Editor in 0.83 ms, found 2 plugins.
Preloading 1 native plugins for Editor in 1.37 ms.
Mono: successfully reloaded assembly
- Completed reload, in  1.530 seconds
Platform modules already initialized, skipping
Switching build target platform(2) subTarget(0) extendedPlatform(0) -> platform(9) subTarget(16777218) extendedPlatform(0)
Refreshing native plugins compatible for Editor in 0.72 ms, found 2 plugins.
Preloading 1 native plugins for Editor in 0.60 ms.
Unloading 1962 Unused Serialized files (Serialized files now loaded: 0)
System memory in use before: 182.9 MB.
System memory in use after: 182.1 MB.

Unloading 24 unused Assets to reduce memory usage. Loaded Objects now: 2518.
Total: 3.369324 ms (FindLiveObjects: 0.353441 ms CreateObjectMapping: 0.092887 ms MarkObjects: 1.786604 ms  DeleteObjects: 1.135016 ms)

AssetImportParameters requested are different than current active one (requested -> active):
  custom:graphics/normal-map-encoding: 01000000000000000000000000000000 -> 02000000000000000000000000000000
========================================================================
Received Prepare
Registering precompiled user dll's ...
Registered in 0.003664 seconds.
Begin MonoManager ReloadAssembly
Native extension for WindowsStandalone target not found
Native extension for OSXStandalone target not found
Native extension for WebGL target not found
Refreshing native plugins compatible for Editor in 0.53 ms, found 2 plugins.
Preloading 1 native plugins for Editor in 0.73 ms.
Mono: successfully reloaded assembly
- Completed reload, in  1.228 seconds
Platform modules already initialized, skipping
Switching build target platform(2) subTarget(0) extendedPlatform(0) -> platform(9) subTarget(16777218) extendedPlatform(0)
Refreshing native plugins compatible for Editor in 0.48 ms, found 2 plugins.
Preloading 1 native plugins for Editor in 0.58 ms.
Unloading 1962 Unused Serialized files (Serialized files now loaded: 0)
System memory in use before: 183.0 MB.
System memory in use after: 182.2 MB.

Unloading 24 unused Assets to reduce memory usage. Loaded Objects now: 2522.
Total: 4.007059 ms (FindLiveObjects: 0.454763 ms CreateObjectMapping: 0.252895 ms MarkObjects: 2.115022 ms  DeleteObjects: 1.180914 ms)

AssetImportParameters requested are different than current active one (requested -> active):
  custom:graphics/normal-map-encoding: 01000000000000000000000000000000 -> 02000000000000000000000000000000
========================================================================
Received Prepare
Refreshing native plugins compatible for Editor in 7.89 ms, found 2 plugins.
Preloading 1 native plugins for Editor in 0.77 ms.
Unloading 21 Unused Serialized files (Serialized files now loaded: 0)
System memory in use before: 148.0 MB.
System memory in use after: 147.1 MB.

Unloading 21 unused Assets to reduce memory usage. Loaded Objects now: 2522.
Total: 5.809968 ms (FindLiveObjects: 0.472817 ms CreateObjectMapping: 0.144312 ms MarkObjects: 3.590822 ms  DeleteObjects: 1.599672 ms)

========================================================================
Received Prepare
Refreshing native plugins compatible for Editor in 10.99 ms, found 2 plugins.
Preloading 1 native plugins for Editor in 2.36 ms.
Unloading 21 Unused Serialized files (Serialized files now loaded: 0)
System memory in use before: 148.2 MB.
System memory in use after: 147.3 MB.

Unloading 21 unused Assets to reduce memory usage. Loaded Objects now: 2522.
Total: 48.131129 ms (FindLiveObjects: 1.230954 ms CreateObjectMapping: 0.121796 ms MarkObjects: 40.063187 ms  DeleteObjects: 6.713605 ms)

========================================================================
Received Import Request.
  Time since last request: 3328.046241 seconds.
  path: Assets/ControlledRobot.prefab
  artifactKey: Guid(a71fc9c65ff0e4740a27a7ca88a6902b) Importer(815301076,1909f56bfc062723c751e8b465ee728b)
Start importing Assets/ControlledRobot.prefab using Guid(a71fc9c65ff0e4740a27a7ca88a6902b) Importer(815301076,1909f56bfc062723c751e8b465ee728b)  -> (artifact id: 'cef98557a2ef93cb6b8e30f2029d1390') in 0.901383 seconds
  Import took 0.946989 seconds .

========================================================================
Received Prepare
Refreshing native plugins compatible for Editor in 26.84 ms, found 2 plugins.
Preloading 1 native plugins for Editor in 1.21 ms.
Unloading 21 Unused Serialized files (Serialized files now loaded: 0)
System memory in use before: 151.2 MB.
System memory in use after: 150.3 MB.

Unloading 21 unused Assets to reduce memory usage. Loaded Objects now: 2523.
Total: 11.322160 ms (FindLiveObjects: 0.721660 ms CreateObjectMapping: 0.098092 ms MarkObjects: 8.989031 ms  DeleteObjects: 1.511879 ms)

